Added Component: Designator=SW1(SW_Cherry_MX_WS2812)
Add component (AddParameter): Name = "BOM名称"; Value = "带灯机械按键开关"; VariantName = "[No Variations]"
Add component (AddParameter): Name = "学习资源"; Value = "www.ooocke.com"; VariantName = "[No Variations]"
Add component (AddParameter): Name = "版权归属"; Value = "源创客"; VariantName = "[No Variations]"
Added Component: Designator=SW2(SW_Cherry_MX_WS2812)
Add component (AddParameter): Name = "BOM名称"; Value = "带灯机械按键开关"; VariantName = "[No Variations]"
Add component (AddParameter): Name = "学习资源"; Value = "www.ooocke.com"; VariantName = "[No Variations]"
Add component (AddParameter): Name = "版权归属"; Value = "源创客"; VariantName = "[No Variations]"
Added Component: Designator=SW3(SW_Cherry_MX_WS2812)
Add component (AddParameter): Name = "BOM名称"; Value = "带灯机械按键开关"; VariantName = "[No Variations]"
Add component (AddParameter): Name = "学习资源"; Value = "www.ooocke.com"; VariantName = "[No Variations]"
Add component (AddParameter): Name = "版权归属"; Value = "源创客"; VariantName = "[No Variations]"
Added Component: Designator=SW4(SW_Cherry_MX_WS2812)
Add component (AddParameter): Name = "BOM名称"; Value = "带灯机械按键开关"; VariantName = "[No Variations]"
Add component (AddParameter): Name = "学习资源"; Value = "www.ooocke.com"; VariantName = "[No Variations]"
Add component (AddParameter): Name = "版权归属"; Value = "源创客"; VariantName = "[No Variations]"
Added Component: Designator=SW5(SW_Cherry_MX_WS2812)
Add component (AddParameter): Name = "BOM名称"; Value = "带灯机械按键开关"; VariantName = "[No Variations]"
Add component (AddParameter): Name = "学习资源"; Value = "www.ooocke.com"; VariantName = "[No Variations]"
Add component (AddParameter): Name = "版权归属"; Value = "源创客"; VariantName = "[No Variations]"
Added Component: Designator=SW6(SW_Cherry_MX_WS2812)
Add component (AddParameter): Name = "BOM名称"; Value = "带灯机械按键开关"; VariantName = "[No Variations]"
Add component (AddParameter): Name = "学习资源"; Value = "www.ooocke.com"; VariantName = "[No Variations]"
Add component (AddParameter): Name = "版权归属"; Value = "源创客"; VariantName = "[No Variations]"
Added Component: Designator=SW7(SW_Cherry_MX_WS2812)
Add component (AddParameter): Name = "BOM名称"; Value = "带灯机械按键开关"; VariantName = "[No Variations]"
Add component (AddParameter): Name = "学习资源"; Value = "www.ooocke.com"; VariantName = "[No Variations]"
Add component (AddParameter): Name = "版权归属"; Value = "源创客"; VariantName = "[No Variations]"
Added Component: Designator=SW8(SW_Cherry_MX_WS2812)
Add component (AddParameter): Name = "BOM名称"; Value = "带灯机械按键开关"; VariantName = "[No Variations]"
Add component (AddParameter): Name = "学习资源"; Value = "www.ooocke.com"; VariantName = "[No Variations]"
Add component (AddParameter): Name = "版权归属"; Value = "源创客"; VariantName = "[No Variations]"
Added Component: Designator=SW9(SW_Cherry_MX_WS2812)
Add component (AddParameter): Name = "BOM名称"; Value = "带灯机械按键开关"; VariantName = "[No Variations]"
Add component (AddParameter): Name = "学习资源"; Value = "www.ooocke.com"; VariantName = "[No Variations]"
Add component (AddParameter): Name = "版权归属"; Value = "源创客"; VariantName = "[No Variations]"
Added Component: Designator=SW10(SW_Cherry_MX_WS2812)
Add component (AddParameter): Name = "BOM名称"; Value = "带灯机械按键开关"; VariantName = "[No Variations]"
Add component (AddParameter): Name = "学习资源"; Value = "www.ooocke.com"; VariantName = "[No Variations]"
Add component (AddParameter): Name = "版权归属"; Value = "源创客"; VariantName = "[No Variations]"
Added Component: Designator=SW11(SW_Cherry_MX_WS2812)
Add component (AddParameter): Name = "BOM名称"; Value = "带灯机械按键开关"; VariantName = "[No Variations]"
Add component (AddParameter): Name = "学习资源"; Value = "www.ooocke.com"; VariantName = "[No Variations]"
Add component (AddParameter): Name = "版权归属"; Value = "源创客"; VariantName = "[No Variations]"
Added Component: Designator=SW12(SW_Cherry_MX_WS2812)
Add component (AddParameter): Name = "BOM名称"; Value = "带灯机械按键开关"; VariantName = "[No Variations]"
Add component (AddParameter): Name = "学习资源"; Value = "www.ooocke.com"; VariantName = "[No Variations]"
Add component (AddParameter): Name = "版权归属"; Value = "源创客"; VariantName = "[No Variations]"
Added Component: Designator=SW13(SW_Cherry_MX_WS2812)
Add component (AddParameter): Name = "BOM名称"; Value = "带灯机械按键开关"; VariantName = "[No Variations]"
Add component (AddParameter): Name = "学习资源"; Value = "www.ooocke.com"; VariantName = "[No Variations]"
Add component (AddParameter): Name = "版权归属"; Value = "源创客"; VariantName = "[No Variations]"
Added Component: Designator=SW14(SW_Cherry_MX_WS2812)
Add component (AddParameter): Name = "BOM名称"; Value = "带灯机械按键开关"; VariantName = "[No Variations]"
Add component (AddParameter): Name = "学习资源"; Value = "www.ooocke.com"; VariantName = "[No Variations]"
Add component (AddParameter): Name = "版权归属"; Value = "源创客"; VariantName = "[No Variations]"
Added Component: Designator=SW15(SW_Cherry_MX_WS2812)
Add component (AddParameter): Name = "BOM名称"; Value = "带灯机械按键开关"; VariantName = "[No Variations]"
Add component (AddParameter): Name = "学习资源"; Value = "www.ooocke.com"; VariantName = "[No Variations]"
Add component (AddParameter): Name = "版权归属"; Value = "源创客"; VariantName = "[No Variations]"
Added Component: Designator=SW16(SW_Cherry_MX_WS2812)
Add component (AddParameter): Name = "BOM名称"; Value = "带灯机械按键开关"; VariantName = "[No Variations]"
Add component (AddParameter): Name = "学习资源"; Value = "www.ooocke.com"; VariantName = "[No Variations]"
Add component (AddParameter): Name = "版权归属"; Value = "源创客"; VariantName = "[No Variations]"
Added Component: Designator=SW17(SW_Cherry_MX_WS2812)
Add component (AddParameter): Name = "BOM名称"; Value = "带灯机械按键开关"; VariantName = "[No Variations]"
Add component (AddParameter): Name = "学习资源"; Value = "www.ooocke.com"; VariantName = "[No Variations]"
Add component (AddParameter): Name = "版权归属"; Value = "源创客"; VariantName = "[No Variations]"
Added Component: Designator=SW18(SW_Cherry_MX_WS2812)
Add component (AddParameter): Name = "BOM名称"; Value = "带灯机械按键开关"; VariantName = "[No Variations]"
Add component (AddParameter): Name = "学习资源"; Value = "www.ooocke.com"; VariantName = "[No Variations]"
Add component (AddParameter): Name = "版权归属"; Value = "源创客"; VariantName = "[No Variations]"
Added Component: Designator=SW19(SW_Cherry_MX_WS2812)
Add component (AddParameter): Name = "BOM名称"; Value = "带灯机械按键开关"; VariantName = "[No Variations]"
Add component (AddParameter): Name = "学习资源"; Value = "www.ooocke.com"; VariantName = "[No Variations]"
Add component (AddParameter): Name = "版权归属"; Value = "源创客"; VariantName = "[No Variations]"
Added Component: Designator=SW20(SW_Cherry_MX_WS2812)
Add component (AddParameter): Name = "BOM名称"; Value = "带灯机械按键开关"; VariantName = "[No Variations]"
Add component (AddParameter): Name = "学习资源"; Value = "www.ooocke.com"; VariantName = "[No Variations]"
Add component (AddParameter): Name = "版权归属"; Value = "源创客"; VariantName = "[No Variations]"
Added Component: Designator=SW21(SW_Cherry_MX_WS2812)
Add component (AddParameter): Name = "BOM名称"; Value = "带灯机械按键开关"; VariantName = "[No Variations]"
Add component (AddParameter): Name = "学习资源"; Value = "www.ooocke.com"; VariantName = "[No Variations]"
Add component (AddParameter): Name = "版权归属"; Value = "源创客"; VariantName = "[No Variations]"
Added Component: Designator=SW22(SW_Cherry_MX_WS2812)
Add component (AddParameter): Name = "BOM名称"; Value = "带灯机械按键开关"; VariantName = "[No Variations]"
Add component (AddParameter): Name = "学习资源"; Value = "www.ooocke.com"; VariantName = "[No Variations]"
Add component (AddParameter): Name = "版权归属"; Value = "源创客"; VariantName = "[No Variations]"
Added Component: Designator=SW23(SW_Cherry_MX_WS2812)
Add component (AddParameter): Name = "BOM名称"; Value = "带灯机械按键开关"; VariantName = "[No Variations]"
Add component (AddParameter): Name = "学习资源"; Value = "www.ooocke.com"; VariantName = "[No Variations]"
Add component (AddParameter): Name = "版权归属"; Value = "源创客"; VariantName = "[No Variations]"
Added Component: Designator=SW24(SW_Cherry_MX_WS2812)
Add component (AddParameter): Name = "BOM名称"; Value = "带灯机械按键开关"; VariantName = "[No Variations]"
Add component (AddParameter): Name = "学习资源"; Value = "www.ooocke.com"; VariantName = "[No Variations]"
Add component (AddParameter): Name = "版权归属"; Value = "源创客"; VariantName = "[No Variations]"
Added Component: Designator=SW25(SW_Cherry_MX_WS2812)
Add component (AddParameter): Name = "BOM名称"; Value = "带灯机械按键开关"; VariantName = "[No Variations]"
Add component (AddParameter): Name = "学习资源"; Value = "www.ooocke.com"; VariantName = "[No Variations]"
Add component (AddParameter): Name = "版权归属"; Value = "源创客"; VariantName = "[No Variations]"
Added Component: Designator=SW26(SW_Cherry_MX_WS2812)
Add component (AddParameter): Name = "BOM名称"; Value = "带灯机械按键开关"; VariantName = "[No Variations]"
Add component (AddParameter): Name = "学习资源"; Value = "www.ooocke.com"; VariantName = "[No Variations]"
Add component (AddParameter): Name = "版权归属"; Value = "源创客"; VariantName = "[No Variations]"
Added Component: Designator=SW27(SW_Cherry_MX_WS2812)
Add component (AddParameter): Name = "BOM名称"; Value = "带灯机械按键开关"; VariantName = "[No Variations]"
Add component (AddParameter): Name = "学习资源"; Value = "www.ooocke.com"; VariantName = "[No Variations]"
Add component (AddParameter): Name = "版权归属"; Value = "源创客"; VariantName = "[No Variations]"
Added Component: Designator=SW28(SW_Cherry_MX_WS2812)
Add component (AddParameter): Name = "BOM名称"; Value = "带灯机械按键开关"; VariantName = "[No Variations]"
Add component (AddParameter): Name = "学习资源"; Value = "www.ooocke.com"; VariantName = "[No Variations]"
Add component (AddParameter): Name = "版权归属"; Value = "源创客"; VariantName = "[No Variations]"
Added Component: Designator=SW29(SW_Cherry_MX_WS2812)
Add component (AddParameter): Name = "BOM名称"; Value = "带灯机械按键开关"; VariantName = "[No Variations]"
Add component (AddParameter): Name = "学习资源"; Value = "www.ooocke.com"; VariantName = "[No Variations]"
Add component (AddParameter): Name = "版权归属"; Value = "源创客"; VariantName = "[No Variations]"
Added Component: Designator=SW30(SW_Cherry_MX_WS2812)
Add component (AddParameter): Name = "BOM名称"; Value = "带灯机械按键开关"; VariantName = "[No Variations]"
Add component (AddParameter): Name = "学习资源"; Value = "www.ooocke.com"; VariantName = "[No Variations]"
Add component (AddParameter): Name = "版权归属"; Value = "源创客"; VariantName = "[No Variations]"
Added Component: Designator=SW31(SW_Cherry_MX_WS2812)
Add component (AddParameter): Name = "BOM名称"; Value = "带灯机械按键开关"; VariantName = "[No Variations]"
Add component (AddParameter): Name = "学习资源"; Value = "www.ooocke.com"; VariantName = "[No Variations]"
Add component (AddParameter): Name = "版权归属"; Value = "源创客"; VariantName = "[No Variations]"
Added Component: Designator=SW32(SW_Cherry_MX_WS2812)
Add component (AddParameter): Name = "BOM名称"; Value = "带灯机械按键开关"; VariantName = "[No Variations]"
Add component (AddParameter): Name = "学习资源"; Value = "www.ooocke.com"; VariantName = "[No Variations]"
Add component (AddParameter): Name = "版权归属"; Value = "源创客"; VariantName = "[No Variations]"
Added Component: Designator=SW33(SW_Cherry_MX_WS2812)
Add component (AddParameter): Name = "BOM名称"; Value = "带灯机械按键开关"; VariantName = "[No Variations]"
Add component (AddParameter): Name = "学习资源"; Value = "www.ooocke.com"; VariantName = "[No Variations]"
Add component (AddParameter): Name = "版权归属"; Value = "源创客"; VariantName = "[No Variations]"
Added Component: Designator=SW34(SW_Cherry_MX_WS2812)
Add component (AddParameter): Name = "BOM名称"; Value = "带灯机械按键开关"; VariantName = "[No Variations]"
Add component (AddParameter): Name = "学习资源"; Value = "www.ooocke.com"; VariantName = "[No Variations]"
Add component (AddParameter): Name = "版权归属"; Value = "源创客"; VariantName = "[No Variations]"
Added Component: Designator=SW35(SW_Cherry_MX_WS2812)
Add component (AddParameter): Name = "BOM名称"; Value = "带灯机械按键开关"; VariantName = "[No Variations]"
Add component (AddParameter): Name = "学习资源"; Value = "www.ooocke.com"; VariantName = "[No Variations]"
Add component (AddParameter): Name = "版权归属"; Value = "源创客"; VariantName = "[No Variations]"
Added Component: Designator=SW36(SW_Cherry_MX_WS2812)
Add component (AddParameter): Name = "BOM名称"; Value = "带灯机械按键开关"; VariantName = "[No Variations]"
Add component (AddParameter): Name = "学习资源"; Value = "www.ooocke.com"; VariantName = "[No Variations]"
Add component (AddParameter): Name = "版权归属"; Value = "源创客"; VariantName = "[No Variations]"
Added Component: Designator=SW37(SW_Cherry_MX_WS2812)
Add component (AddParameter): Name = "BOM名称"; Value = "带灯机械按键开关"; VariantName = "[No Variations]"
Add component (AddParameter): Name = "学习资源"; Value = "www.ooocke.com"; VariantName = "[No Variations]"
Add component (AddParameter): Name = "版权归属"; Value = "源创客"; VariantName = "[No Variations]"
Added Component: Designator=SW38(SW_Cherry_MX_WS2812)
Add component (AddParameter): Name = "BOM名称"; Value = "带灯机械按键开关"; VariantName = "[No Variations]"
Add component (AddParameter): Name = "学习资源"; Value = "www.ooocke.com"; VariantName = "[No Variations]"
Add component (AddParameter): Name = "版权归属"; Value = "源创客"; VariantName = "[No Variations]"
Added Component: Designator=SW39(SW_Cherry_MX_WS2812)
Add component (AddParameter): Name = "BOM名称"; Value = "带灯机械按键开关"; VariantName = "[No Variations]"
Add component (AddParameter): Name = "学习资源"; Value = "www.ooocke.com"; VariantName = "[No Variations]"
Add component (AddParameter): Name = "版权归属"; Value = "源创客"; VariantName = "[No Variations]"
Added Component: Designator=SW40(SW_Cherry_MX_WS2812)
Add component (AddParameter): Name = "BOM名称"; Value = "带灯机械按键开关"; VariantName = "[No Variations]"
Add component (AddParameter): Name = "学习资源"; Value = "www.ooocke.com"; VariantName = "[No Variations]"
Add component (AddParameter): Name = "版权归属"; Value = "源创客"; VariantName = "[No Variations]"
Added Class: Name=Sheet1
