Added Component: Designator=C1(C0402_L)
Add component (AddParameter): Name = "BOM名称"; Value = "无极性贴片电容"; VariantName = "[No Variations]"
Add component (AddParameter): Name = "学习资源"; Value = "www.ooocke.com"; VariantName = "[No Variations]"
Add component (AddParameter): Name = "材质"; Value = "X7R"; VariantName = "[No Variations]"
Add component (AddParameter): Name = "版权归属"; Value = "源创客"; VariantName = "[No Variations]"
Added Component: Designator=C2(C0603_L)
Add component (AddParameter): Name = "BOM名称"; Value = "无极性贴片电容"; VariantName = "[No Variations]"
Add component (AddParameter): Name = "学习资源"; Value = "www.ooocke.com"; VariantName = "[No Variations]"
Add component (AddParameter): Name = "材质"; Value = "X7R"; VariantName = "[No Variations]"
Add component (AddParameter): Name = "版权归属"; Value = "源创客"; VariantName = "[No Variations]"
Added Component: Designator=C3(C0603_L)
Add component (AddParameter): Name = "BOM名称"; Value = "无极性贴片电容"; VariantName = "[No Variations]"
Add component (AddParameter): Name = "学习资源"; Value = "www.ooocke.com"; VariantName = "[No Variations]"
Add component (AddParameter): Name = "材质"; Value = "X7R"; VariantName = "[No Variations]"
Add component (AddParameter): Name = "版权归属"; Value = "源创客"; VariantName = "[No Variations]"
Added Component: Designator=C4(C0603_L)
Add component (AddParameter): Name = "BOM名称"; Value = "无极性贴片电容"; VariantName = "[No Variations]"
Add component (AddParameter): Name = "学习资源"; Value = "www.ooocke.com"; VariantName = "[No Variations]"
Add component (AddParameter): Name = "材质"; Value = "X7R"; VariantName = "[No Variations]"
Add component (AddParameter): Name = "版权归属"; Value = "源创客"; VariantName = "[No Variations]"
Added Component: Designator=C5(C0603_L)
Add component (AddParameter): Name = "BOM名称"; Value = "无极性贴片电容"; VariantName = "[No Variations]"
Add component (AddParameter): Name = "学习资源"; Value = "www.ooocke.com"; VariantName = "[No Variations]"
Add component (AddParameter): Name = "材质"; Value = "X7R"; VariantName = "[No Variations]"
Add component (AddParameter): Name = "版权归属"; Value = "源创客"; VariantName = "[No Variations]"
Added Component: Designator=C6(C0603_L)
Add component (AddParameter): Name = "BOM名称"; Value = "无极性贴片电容"; VariantName = "[No Variations]"
Add component (AddParameter): Name = "学习资源"; Value = "www.ooocke.com"; VariantName = "[No Variations]"
Add component (AddParameter): Name = "材质"; Value = "X7R"; VariantName = "[No Variations]"
Add component (AddParameter): Name = "版权归属"; Value = "源创客"; VariantName = "[No Variations]"
Added Component: Designator=C7(C0603_L)
Add component (AddParameter): Name = "BOM名称"; Value = "无极性贴片电容"; VariantName = "[No Variations]"
Add component (AddParameter): Name = "学习资源"; Value = "www.ooocke.com"; VariantName = "[No Variations]"
Add component (AddParameter): Name = "材质"; Value = "X7R"; VariantName = "[No Variations]"
Add component (AddParameter): Name = "版权归属"; Value = "源创客"; VariantName = "[No Variations]"
Added Component: Designator=C8(C0603_L)
Add component (AddParameter): Name = "BOM名称"; Value = "无极性贴片电容"; VariantName = "[No Variations]"
Add component (AddParameter): Name = "学习资源"; Value = "www.ooocke.com"; VariantName = "[No Variations]"
Add component (AddParameter): Name = "材质"; Value = "X7R"; VariantName = "[No Variations]"
Add component (AddParameter): Name = "版权归属"; Value = "源创客"; VariantName = "[No Variations]"
Added Component: Designator=C9(C0603_L)
Add component (AddParameter): Name = "BOM名称"; Value = "无极性贴片电容"; VariantName = "[No Variations]"
Add component (AddParameter): Name = "学习资源"; Value = "www.ooocke.com"; VariantName = "[No Variations]"
Add component (AddParameter): Name = "材质"; Value = "X7R"; VariantName = "[No Variations]"
Add component (AddParameter): Name = "版权归属"; Value = "源创客"; VariantName = "[No Variations]"
Added Component: Designator=C10(C0402_L)
Add component (AddParameter): Name = "BOM名称"; Value = "无极性贴片电容"; VariantName = "[No Variations]"
Add component (AddParameter): Name = "学习资源"; Value = "www.ooocke.com"; VariantName = "[No Variations]"
Add component (AddParameter): Name = "材质"; Value = "X7R"; VariantName = "[No Variations]"
Add component (AddParameter): Name = "版权归属"; Value = "源创客"; VariantName = "[No Variations]"
Added Component: Designator=C11(C0402_L)
Add component (AddParameter): Name = "BOM名称"; Value = "无极性贴片电容"; VariantName = "[No Variations]"
Add component (AddParameter): Name = "学习资源"; Value = "www.ooocke.com"; VariantName = "[No Variations]"
Add component (AddParameter): Name = "材质"; Value = "X7R"; VariantName = "[No Variations]"
Add component (AddParameter): Name = "版权归属"; Value = "源创客"; VariantName = "[No Variations]"
Added Component: Designator=L1(NR4020)
Add component (AddParameter): Name = "BOM名称"; Value = "小功率贴片电感"; VariantName = "[No Variations]"
Add component (AddParameter): Name = "学习资源"; Value = "www.ooocke.com"; VariantName = "[No Variations]"
Add component (AddParameter): Name = "版权归属"; Value = "源创客"; VariantName = "[No Variations]"
Added Component: Designator=R1(R0402_L)
Add component (AddParameter): Name = "BOM名称"; Value = "贴片电阻"; VariantName = "[No Variations]"
Add component (AddParameter): Name = "学习资源"; Value = "www.ooocke.com"; VariantName = "[No Variations]"
Add component (AddParameter): Name = "版权归属"; Value = "源创客"; VariantName = "[No Variations]"
Added Component: Designator=R2(R0402_L)
Add component (AddParameter): Name = "BOM名称"; Value = "贴片电阻"; VariantName = "[No Variations]"
Add component (AddParameter): Name = "学习资源"; Value = "www.ooocke.com"; VariantName = "[No Variations]"
Add component (AddParameter): Name = "版权归属"; Value = "源创客"; VariantName = "[No Variations]"
Added Component: Designator=R3(R0402_L)
Add component (AddParameter): Name = "BOM名称"; Value = "贴片电阻"; VariantName = "[No Variations]"
Add component (AddParameter): Name = "学习资源"; Value = "www.ooocke.com"; VariantName = "[No Variations]"
Add component (AddParameter): Name = "版权归属"; Value = "源创客"; VariantName = "[No Variations]"
Added Component: Designator=R4(R0402_L)
Add component (AddParameter): Name = "BOM名称"; Value = "贴片电阻"; VariantName = "[No Variations]"
Add component (AddParameter): Name = "学习资源"; Value = "www.ooocke.com"; VariantName = "[No Variations]"
Add component (AddParameter): Name = "版权归属"; Value = "源创客"; VariantName = "[No Variations]"
Added Component: Designator=R5(R0402_L)
Add component (AddParameter): Name = "BOM名称"; Value = "贴片电阻"; VariantName = "[No Variations]"
Add component (AddParameter): Name = "学习资源"; Value = "www.ooocke.com"; VariantName = "[No Variations]"
Add component (AddParameter): Name = "版权归属"; Value = "源创客"; VariantName = "[No Variations]"
Added Component: Designator=R6(R0402_L)
Add component (AddParameter): Name = "BOM名称"; Value = "贴片电阻"; VariantName = "[No Variations]"
Add component (AddParameter): Name = "学习资源"; Value = "www.ooocke.com"; VariantName = "[No Variations]"
Add component (AddParameter): Name = "版权归属"; Value = "源创客"; VariantName = "[No Variations]"
Added Component: Designator=R7(R0402_L)
Add component (AddParameter): Name = "BOM名称"; Value = "贴片电阻"; VariantName = "[No Variations]"
Add component (AddParameter): Name = "学习资源"; Value = "www.ooocke.com"; VariantName = "[No Variations]"
Add component (AddParameter): Name = "版权归属"; Value = "源创客"; VariantName = "[No Variations]"
Added Component: Designator=S1(KCD1-101)
Add component (AddParameter): Name = "BOM名称"; Value = "1路单刀船型开关"; VariantName = "[No Variations]"
Add component (AddParameter): Name = "学习资源"; Value = "www.ooocke.com"; VariantName = "[No Variations]"
Add component (AddParameter): Name = "版权归属"; Value = "源创客"; VariantName = "[No Variations]"
Added Component: Designator=S2(KCD1-101)
Add component (AddParameter): Name = "BOM名称"; Value = "1路单刀船型开关"; VariantName = "[No Variations]"
Add component (AddParameter): Name = "学习资源"; Value = "www.ooocke.com"; VariantName = "[No Variations]"
Add component (AddParameter): Name = "版权归属"; Value = "源创客"; VariantName = "[No Variations]"
Added Component: Designator=S3(KCD1-101)
Add component (AddParameter): Name = "BOM名称"; Value = "1路单刀船型开关"; VariantName = "[No Variations]"
Add component (AddParameter): Name = "学习资源"; Value = "www.ooocke.com"; VariantName = "[No Variations]"
Add component (AddParameter): Name = "版权归属"; Value = "源创客"; VariantName = "[No Variations]"
Added Component: Designator=S4(KCD1-101)
Add component (AddParameter): Name = "BOM名称"; Value = "1路单刀船型开关"; VariantName = "[No Variations]"
Add component (AddParameter): Name = "学习资源"; Value = "www.ooocke.com"; VariantName = "[No Variations]"
Add component (AddParameter): Name = "版权归属"; Value = "源创客"; VariantName = "[No Variations]"
Added Component: Designator=S5(KCD1-101)
Add component (AddParameter): Name = "BOM名称"; Value = "1路单刀船型开关"; VariantName = "[No Variations]"
Add component (AddParameter): Name = "学习资源"; Value = "www.ooocke.com"; VariantName = "[No Variations]"
Add component (AddParameter): Name = "版权归属"; Value = "源创客"; VariantName = "[No Variations]"
Added Component: Designator=S6(KCD1-101)
Add component (AddParameter): Name = "BOM名称"; Value = "1路单刀船型开关"; VariantName = "[No Variations]"
Add component (AddParameter): Name = "学习资源"; Value = "www.ooocke.com"; VariantName = "[No Variations]"
Add component (AddParameter): Name = "版权归属"; Value = "源创客"; VariantName = "[No Variations]"
Added Component: Designator=S7(KCD1-101)
Add component (AddParameter): Name = "BOM名称"; Value = "1路单刀船型开关"; VariantName = "[No Variations]"
Add component (AddParameter): Name = "学习资源"; Value = "www.ooocke.com"; VariantName = "[No Variations]"
Add component (AddParameter): Name = "版权归属"; Value = "源创客"; VariantName = "[No Variations]"
Added Component: Designator=S8(KCD1-101)
Add component (AddParameter): Name = "BOM名称"; Value = "1路单刀船型开关"; VariantName = "[No Variations]"
Add component (AddParameter): Name = "学习资源"; Value = "www.ooocke.com"; VariantName = "[No Variations]"
Add component (AddParameter): Name = "版权归属"; Value = "源创客"; VariantName = "[No Variations]"
Added Component: Designator=SW1(SW_Cherry_MX_WS2812)
Add component (AddParameter): Name = "BOM名称"; Value = "带灯机械按键开关"; VariantName = "[No Variations]"
Add component (AddParameter): Name = "学习资源"; Value = "www.ooocke.com"; VariantName = "[No Variations]"
Add component (AddParameter): Name = "版权归属"; Value = "源创客"; VariantName = "[No Variations]"
Added Component: Designator=SW2(SW_Cherry_MX_WS2812)
Add component (AddParameter): Name = "BOM名称"; Value = "带灯机械按键开关"; VariantName = "[No Variations]"
Add component (AddParameter): Name = "学习资源"; Value = "www.ooocke.com"; VariantName = "[No Variations]"
Add component (AddParameter): Name = "版权归属"; Value = "源创客"; VariantName = "[No Variations]"
Added Component: Designator=SW3(SW_Cherry_MX_WS2812)
Add component (AddParameter): Name = "BOM名称"; Value = "带灯机械按键开关"; VariantName = "[No Variations]"
Add component (AddParameter): Name = "学习资源"; Value = "www.ooocke.com"; VariantName = "[No Variations]"
Add component (AddParameter): Name = "版权归属"; Value = "源创客"; VariantName = "[No Variations]"
Added Component: Designator=SW4(SW_Cherry_MX_WS2812)
Add component (AddParameter): Name = "BOM名称"; Value = "带灯机械按键开关"; VariantName = "[No Variations]"
Add component (AddParameter): Name = "学习资源"; Value = "www.ooocke.com"; VariantName = "[No Variations]"
Add component (AddParameter): Name = "版权归属"; Value = "源创客"; VariantName = "[No Variations]"
Added Component: Designator=SW5(SW_Cherry_MX_WS2812)
Add component (AddParameter): Name = "BOM名称"; Value = "带灯机械按键开关"; VariantName = "[No Variations]"
Add component (AddParameter): Name = "学习资源"; Value = "www.ooocke.com"; VariantName = "[No Variations]"
Add component (AddParameter): Name = "版权归属"; Value = "源创客"; VariantName = "[No Variations]"
Added Component: Designator=SW6(SW_Cherry_MX_WS2812)
Add component (AddParameter): Name = "BOM名称"; Value = "带灯机械按键开关"; VariantName = "[No Variations]"
Add component (AddParameter): Name = "学习资源"; Value = "www.ooocke.com"; VariantName = "[No Variations]"
Add component (AddParameter): Name = "版权归属"; Value = "源创客"; VariantName = "[No Variations]"
Added Component: Designator=SW7(SW_Cherry_MX_WS2812)
Add component (AddParameter): Name = "BOM名称"; Value = "带灯机械按键开关"; VariantName = "[No Variations]"
Add component (AddParameter): Name = "学习资源"; Value = "www.ooocke.com"; VariantName = "[No Variations]"
Add component (AddParameter): Name = "版权归属"; Value = "源创客"; VariantName = "[No Variations]"
Added Component: Designator=SW8(SW_Cherry_MX_WS2812)
Add component (AddParameter): Name = "BOM名称"; Value = "带灯机械按键开关"; VariantName = "[No Variations]"
Add component (AddParameter): Name = "学习资源"; Value = "www.ooocke.com"; VariantName = "[No Variations]"
Add component (AddParameter): Name = "版权归属"; Value = "源创客"; VariantName = "[No Variations]"
Added Component: Designator=SW9(SW_Cherry_MX_WS2812)
Add component (AddParameter): Name = "BOM名称"; Value = "带灯机械按键开关"; VariantName = "[No Variations]"
Add component (AddParameter): Name = "学习资源"; Value = "www.ooocke.com"; VariantName = "[No Variations]"
Add component (AddParameter): Name = "版权归属"; Value = "源创客"; VariantName = "[No Variations]"
Added Component: Designator=SW10(SW_Cherry_MX_WS2812)
Add component (AddParameter): Name = "BOM名称"; Value = "带灯机械按键开关"; VariantName = "[No Variations]"
Add component (AddParameter): Name = "学习资源"; Value = "www.ooocke.com"; VariantName = "[No Variations]"
Add component (AddParameter): Name = "版权归属"; Value = "源创客"; VariantName = "[No Variations]"
Added Component: Designator=SW11(SW_Cherry_MX_WS2812)
Add component (AddParameter): Name = "BOM名称"; Value = "带灯机械按键开关"; VariantName = "[No Variations]"
Add component (AddParameter): Name = "学习资源"; Value = "www.ooocke.com"; VariantName = "[No Variations]"
Add component (AddParameter): Name = "版权归属"; Value = "源创客"; VariantName = "[No Variations]"
Added Component: Designator=SW12(SW_Cherry_MX_WS2812)
Add component (AddParameter): Name = "BOM名称"; Value = "带灯机械按键开关"; VariantName = "[No Variations]"
Add component (AddParameter): Name = "学习资源"; Value = "www.ooocke.com"; VariantName = "[No Variations]"
Add component (AddParameter): Name = "版权归属"; Value = "源创客"; VariantName = "[No Variations]"
Added Component: Designator=SW13(SW_Cherry_MX_WS2812)
Add component (AddParameter): Name = "BOM名称"; Value = "带灯机械按键开关"; VariantName = "[No Variations]"
Add component (AddParameter): Name = "学习资源"; Value = "www.ooocke.com"; VariantName = "[No Variations]"
Add component (AddParameter): Name = "版权归属"; Value = "源创客"; VariantName = "[No Variations]"
Added Component: Designator=SW14(SW_Cherry_MX_WS2812)
Add component (AddParameter): Name = "BOM名称"; Value = "带灯机械按键开关"; VariantName = "[No Variations]"
Add component (AddParameter): Name = "学习资源"; Value = "www.ooocke.com"; VariantName = "[No Variations]"
Add component (AddParameter): Name = "版权归属"; Value = "源创客"; VariantName = "[No Variations]"
Added Component: Designator=SW15(SW_Cherry_MX_WS2812)
Add component (AddParameter): Name = "BOM名称"; Value = "带灯机械按键开关"; VariantName = "[No Variations]"
Add component (AddParameter): Name = "学习资源"; Value = "www.ooocke.com"; VariantName = "[No Variations]"
Add component (AddParameter): Name = "版权归属"; Value = "源创客"; VariantName = "[No Variations]"
Added Component: Designator=SW16(SW_Cherry_MX_WS2812)
Add component (AddParameter): Name = "BOM名称"; Value = "带灯机械按键开关"; VariantName = "[No Variations]"
Add component (AddParameter): Name = "学习资源"; Value = "www.ooocke.com"; VariantName = "[No Variations]"
Add component (AddParameter): Name = "版权归属"; Value = "源创客"; VariantName = "[No Variations]"
Added Component: Designator=SW17(SW_Cherry_MX_WS2812)
Add component (AddParameter): Name = "BOM名称"; Value = "带灯机械按键开关"; VariantName = "[No Variations]"
Add component (AddParameter): Name = "学习资源"; Value = "www.ooocke.com"; VariantName = "[No Variations]"
Add component (AddParameter): Name = "版权归属"; Value = "源创客"; VariantName = "[No Variations]"
Added Component: Designator=SW18(SW_Cherry_MX_WS2812)
Add component (AddParameter): Name = "BOM名称"; Value = "带灯机械按键开关"; VariantName = "[No Variations]"
Add component (AddParameter): Name = "学习资源"; Value = "www.ooocke.com"; VariantName = "[No Variations]"
Add component (AddParameter): Name = "版权归属"; Value = "源创客"; VariantName = "[No Variations]"
Added Component: Designator=SW19(SW_Cherry_MX_WS2812)
Add component (AddParameter): Name = "BOM名称"; Value = "带灯机械按键开关"; VariantName = "[No Variations]"
Add component (AddParameter): Name = "学习资源"; Value = "www.ooocke.com"; VariantName = "[No Variations]"
Add component (AddParameter): Name = "版权归属"; Value = "源创客"; VariantName = "[No Variations]"
Added Component: Designator=SW20(SW_Cherry_MX_WS2812)
Add component (AddParameter): Name = "BOM名称"; Value = "带灯机械按键开关"; VariantName = "[No Variations]"
Add component (AddParameter): Name = "学习资源"; Value = "www.ooocke.com"; VariantName = "[No Variations]"
Add component (AddParameter): Name = "版权归属"; Value = "源创客"; VariantName = "[No Variations]"
Added Component: Designator=SW21(SW_Cherry_MX_WS2812)
Add component (AddParameter): Name = "BOM名称"; Value = "带灯机械按键开关"; VariantName = "[No Variations]"
Add component (AddParameter): Name = "学习资源"; Value = "www.ooocke.com"; VariantName = "[No Variations]"
Add component (AddParameter): Name = "版权归属"; Value = "源创客"; VariantName = "[No Variations]"
Added Component: Designator=SW22(SW_Cherry_MX_WS2812)
Add component (AddParameter): Name = "BOM名称"; Value = "带灯机械按键开关"; VariantName = "[No Variations]"
Add component (AddParameter): Name = "学习资源"; Value = "www.ooocke.com"; VariantName = "[No Variations]"
Add component (AddParameter): Name = "版权归属"; Value = "源创客"; VariantName = "[No Variations]"
Added Component: Designator=SW23(SW_Cherry_MX_WS2812)
Add component (AddParameter): Name = "BOM名称"; Value = "带灯机械按键开关"; VariantName = "[No Variations]"
Add component (AddParameter): Name = "学习资源"; Value = "www.ooocke.com"; VariantName = "[No Variations]"
Add component (AddParameter): Name = "版权归属"; Value = "源创客"; VariantName = "[No Variations]"
Added Component: Designator=SW24(SW_Cherry_MX_WS2812)
Add component (AddParameter): Name = "BOM名称"; Value = "带灯机械按键开关"; VariantName = "[No Variations]"
Add component (AddParameter): Name = "学习资源"; Value = "www.ooocke.com"; VariantName = "[No Variations]"
Add component (AddParameter): Name = "版权归属"; Value = "源创客"; VariantName = "[No Variations]"
Added Component: Designator=SW25(SW_Cherry_MX_WS2812)
Add component (AddParameter): Name = "BOM名称"; Value = "带灯机械按键开关"; VariantName = "[No Variations]"
Add component (AddParameter): Name = "学习资源"; Value = "www.ooocke.com"; VariantName = "[No Variations]"
Add component (AddParameter): Name = "版权归属"; Value = "源创客"; VariantName = "[No Variations]"
Added Component: Designator=SW26(SW_Cherry_MX_WS2812)
Add component (AddParameter): Name = "BOM名称"; Value = "带灯机械按键开关"; VariantName = "[No Variations]"
Add component (AddParameter): Name = "学习资源"; Value = "www.ooocke.com"; VariantName = "[No Variations]"
Add component (AddParameter): Name = "版权归属"; Value = "源创客"; VariantName = "[No Variations]"
Added Component: Designator=SW27(SW_Cherry_MX_WS2812)
Add component (AddParameter): Name = "BOM名称"; Value = "带灯机械按键开关"; VariantName = "[No Variations]"
Add component (AddParameter): Name = "学习资源"; Value = "www.ooocke.com"; VariantName = "[No Variations]"
Add component (AddParameter): Name = "版权归属"; Value = "源创客"; VariantName = "[No Variations]"
Added Component: Designator=SW28(SW_Cherry_MX_WS2812)
Add component (AddParameter): Name = "BOM名称"; Value = "带灯机械按键开关"; VariantName = "[No Variations]"
Add component (AddParameter): Name = "学习资源"; Value = "www.ooocke.com"; VariantName = "[No Variations]"
Add component (AddParameter): Name = "版权归属"; Value = "源创客"; VariantName = "[No Variations]"
Added Component: Designator=SW29(SW_Cherry_MX_WS2812)
Add component (AddParameter): Name = "BOM名称"; Value = "带灯机械按键开关"; VariantName = "[No Variations]"
Add component (AddParameter): Name = "学习资源"; Value = "www.ooocke.com"; VariantName = "[No Variations]"
Add component (AddParameter): Name = "版权归属"; Value = "源创客"; VariantName = "[No Variations]"
Added Component: Designator=SW30(SW_Cherry_MX_WS2812)
Add component (AddParameter): Name = "BOM名称"; Value = "带灯机械按键开关"; VariantName = "[No Variations]"
Add component (AddParameter): Name = "学习资源"; Value = "www.ooocke.com"; VariantName = "[No Variations]"
Add component (AddParameter): Name = "版权归属"; Value = "源创客"; VariantName = "[No Variations]"
Added Component: Designator=SW31(SW_Cherry_MX_WS2812)
Add component (AddParameter): Name = "BOM名称"; Value = "带灯机械按键开关"; VariantName = "[No Variations]"
Add component (AddParameter): Name = "学习资源"; Value = "www.ooocke.com"; VariantName = "[No Variations]"
Add component (AddParameter): Name = "版权归属"; Value = "源创客"; VariantName = "[No Variations]"
Added Component: Designator=SW32(SW_Cherry_MX_WS2812)
Add component (AddParameter): Name = "BOM名称"; Value = "带灯机械按键开关"; VariantName = "[No Variations]"
Add component (AddParameter): Name = "学习资源"; Value = "www.ooocke.com"; VariantName = "[No Variations]"
Add component (AddParameter): Name = "版权归属"; Value = "源创客"; VariantName = "[No Variations]"
Added Component: Designator=SW33(SW_Cherry_MX_WS2812)
Add component (AddParameter): Name = "BOM名称"; Value = "带灯机械按键开关"; VariantName = "[No Variations]"
Add component (AddParameter): Name = "学习资源"; Value = "www.ooocke.com"; VariantName = "[No Variations]"
Add component (AddParameter): Name = "版权归属"; Value = "源创客"; VariantName = "[No Variations]"
Added Component: Designator=SW34(SW_Cherry_MX_WS2812)
Add component (AddParameter): Name = "BOM名称"; Value = "带灯机械按键开关"; VariantName = "[No Variations]"
Add component (AddParameter): Name = "学习资源"; Value = "www.ooocke.com"; VariantName = "[No Variations]"
Add component (AddParameter): Name = "版权归属"; Value = "源创客"; VariantName = "[No Variations]"
Added Component: Designator=SW35(SW_Cherry_MX_WS2812)
Add component (AddParameter): Name = "BOM名称"; Value = "带灯机械按键开关"; VariantName = "[No Variations]"
Add component (AddParameter): Name = "学习资源"; Value = "www.ooocke.com"; VariantName = "[No Variations]"
Add component (AddParameter): Name = "版权归属"; Value = "源创客"; VariantName = "[No Variations]"
Added Component: Designator=SW36(SW_Cherry_MX_WS2812)
Add component (AddParameter): Name = "BOM名称"; Value = "带灯机械按键开关"; VariantName = "[No Variations]"
Add component (AddParameter): Name = "学习资源"; Value = "www.ooocke.com"; VariantName = "[No Variations]"
Add component (AddParameter): Name = "版权归属"; Value = "源创客"; VariantName = "[No Variations]"
Added Component: Designator=SW37(SW_Cherry_MX_WS2812)
Add component (AddParameter): Name = "BOM名称"; Value = "带灯机械按键开关"; VariantName = "[No Variations]"
Add component (AddParameter): Name = "学习资源"; Value = "www.ooocke.com"; VariantName = "[No Variations]"
Add component (AddParameter): Name = "版权归属"; Value = "源创客"; VariantName = "[No Variations]"
Added Component: Designator=SW38(SW_Cherry_MX_WS2812)
Add component (AddParameter): Name = "BOM名称"; Value = "带灯机械按键开关"; VariantName = "[No Variations]"
Add component (AddParameter): Name = "学习资源"; Value = "www.ooocke.com"; VariantName = "[No Variations]"
Add component (AddParameter): Name = "版权归属"; Value = "源创客"; VariantName = "[No Variations]"
Added Component: Designator=SW39(SW_Cherry_MX_WS2812)
Add component (AddParameter): Name = "BOM名称"; Value = "带灯机械按键开关"; VariantName = "[No Variations]"
Add component (AddParameter): Name = "学习资源"; Value = "www.ooocke.com"; VariantName = "[No Variations]"
Add component (AddParameter): Name = "版权归属"; Value = "源创客"; VariantName = "[No Variations]"
Added Component: Designator=SW40(SW_Cherry_MX_WS2812)
Add component (AddParameter): Name = "BOM名称"; Value = "带灯机械按键开关"; VariantName = "[No Variations]"
Add component (AddParameter): Name = "学习资源"; Value = "www.ooocke.com"; VariantName = "[No Variations]"
Add component (AddParameter): Name = "版权归属"; Value = "源创客"; VariantName = "[No Variations]"
Added Component: Designator=SW41(SW_Cherry_MX_WS2812)
Add component (AddParameter): Name = "BOM名称"; Value = "带灯机械按键开关"; VariantName = "[No Variations]"
Add component (AddParameter): Name = "学习资源"; Value = "www.ooocke.com"; VariantName = "[No Variations]"
Add component (AddParameter): Name = "版权归属"; Value = "源创客"; VariantName = "[No Variations]"
Added Component: Designator=SW42(SW_Cherry_MX_WS2812)
Add component (AddParameter): Name = "BOM名称"; Value = "带灯机械按键开关"; VariantName = "[No Variations]"
Add component (AddParameter): Name = "学习资源"; Value = "www.ooocke.com"; VariantName = "[No Variations]"
Add component (AddParameter): Name = "版权归属"; Value = "源创客"; VariantName = "[No Variations]"
Added Component: Designator=SW43(SW_Cherry_MX_WS2812)
Add component (AddParameter): Name = "BOM名称"; Value = "带灯机械按键开关"; VariantName = "[No Variations]"
Add component (AddParameter): Name = "学习资源"; Value = "www.ooocke.com"; VariantName = "[No Variations]"
Add component (AddParameter): Name = "版权归属"; Value = "源创客"; VariantName = "[No Variations]"
Added Component: Designator=SW44(SW_Cherry_MX_WS2812)
Add component (AddParameter): Name = "BOM名称"; Value = "带灯机械按键开关"; VariantName = "[No Variations]"
Add component (AddParameter): Name = "学习资源"; Value = "www.ooocke.com"; VariantName = "[No Variations]"
Add component (AddParameter): Name = "版权归属"; Value = "源创客"; VariantName = "[No Variations]"
Added Component: Designator=SW45(SW_Cherry_MX_WS2812)
Add component (AddParameter): Name = "BOM名称"; Value = "带灯机械按键开关"; VariantName = "[No Variations]"
Add component (AddParameter): Name = "学习资源"; Value = "www.ooocke.com"; VariantName = "[No Variations]"
Add component (AddParameter): Name = "版权归属"; Value = "源创客"; VariantName = "[No Variations]"
Added Component: Designator=SW46(SW_Cherry_MX_WS2812)
Add component (AddParameter): Name = "BOM名称"; Value = "带灯机械按键开关"; VariantName = "[No Variations]"
Add component (AddParameter): Name = "学习资源"; Value = "www.ooocke.com"; VariantName = "[No Variations]"
Add component (AddParameter): Name = "版权归属"; Value = "源创客"; VariantName = "[No Variations]"
Added Component: Designator=SW47(SW_Cherry_MX_WS2812)
Add component (AddParameter): Name = "BOM名称"; Value = "带灯机械按键开关"; VariantName = "[No Variations]"
Add component (AddParameter): Name = "学习资源"; Value = "www.ooocke.com"; VariantName = "[No Variations]"
Add component (AddParameter): Name = "版权归属"; Value = "源创客"; VariantName = "[No Variations]"
Added Component: Designator=SW48(SW_Cherry_MX_WS2812)
Add component (AddParameter): Name = "BOM名称"; Value = "带灯机械按键开关"; VariantName = "[No Variations]"
Add component (AddParameter): Name = "学习资源"; Value = "www.ooocke.com"; VariantName = "[No Variations]"
Add component (AddParameter): Name = "版权归属"; Value = "源创客"; VariantName = "[No Variations]"
Added Component: Designator=SW49(SW_Cherry_MX_WS2812)
Add component (AddParameter): Name = "BOM名称"; Value = "带灯机械按键开关"; VariantName = "[No Variations]"
Add component (AddParameter): Name = "学习资源"; Value = "www.ooocke.com"; VariantName = "[No Variations]"
Add component (AddParameter): Name = "版权归属"; Value = "源创客"; VariantName = "[No Variations]"
Added Component: Designator=SW50(SW_Cherry_MX_WS2812)
Add component (AddParameter): Name = "BOM名称"; Value = "带灯机械按键开关"; VariantName = "[No Variations]"
Add component (AddParameter): Name = "学习资源"; Value = "www.ooocke.com"; VariantName = "[No Variations]"
Add component (AddParameter): Name = "版权归属"; Value = "源创客"; VariantName = "[No Variations]"
Added Component: Designator=SW51(SW_Cherry_MX_WS2812)
Add component (AddParameter): Name = "BOM名称"; Value = "带灯机械按键开关"; VariantName = "[No Variations]"
Add component (AddParameter): Name = "学习资源"; Value = "www.ooocke.com"; VariantName = "[No Variations]"
Add component (AddParameter): Name = "版权归属"; Value = "源创客"; VariantName = "[No Variations]"
Added Component: Designator=SW52(SW_Cherry_MX_WS2812)
Add component (AddParameter): Name = "BOM名称"; Value = "带灯机械按键开关"; VariantName = "[No Variations]"
Add component (AddParameter): Name = "学习资源"; Value = "www.ooocke.com"; VariantName = "[No Variations]"
Add component (AddParameter): Name = "版权归属"; Value = "源创客"; VariantName = "[No Variations]"
Added Component: Designator=SW53(SW_Cherry_MX_WS2812)
Add component (AddParameter): Name = "BOM名称"; Value = "带灯机械按键开关"; VariantName = "[No Variations]"
Add component (AddParameter): Name = "学习资源"; Value = "www.ooocke.com"; VariantName = "[No Variations]"
Add component (AddParameter): Name = "版权归属"; Value = "源创客"; VariantName = "[No Variations]"
Added Component: Designator=SW54(SW_Cherry_MX_WS2812)
Add component (AddParameter): Name = "BOM名称"; Value = "带灯机械按键开关"; VariantName = "[No Variations]"
Add component (AddParameter): Name = "学习资源"; Value = "www.ooocke.com"; VariantName = "[No Variations]"
Add component (AddParameter): Name = "版权归属"; Value = "源创客"; VariantName = "[No Variations]"
Added Component: Designator=SW55(SW_Cherry_MX_WS2812)
Add component (AddParameter): Name = "BOM名称"; Value = "带灯机械按键开关"; VariantName = "[No Variations]"
Add component (AddParameter): Name = "学习资源"; Value = "www.ooocke.com"; VariantName = "[No Variations]"
Add component (AddParameter): Name = "版权归属"; Value = "源创客"; VariantName = "[No Variations]"
Added Component: Designator=SW56(SW_Cherry_MX_WS2812)
Add component (AddParameter): Name = "BOM名称"; Value = "带灯机械按键开关"; VariantName = "[No Variations]"
Add component (AddParameter): Name = "学习资源"; Value = "www.ooocke.com"; VariantName = "[No Variations]"
Add component (AddParameter): Name = "版权归属"; Value = "源创客"; VariantName = "[No Variations]"
Added Component: Designator=SW57(SW_Cherry_MX_WS2812)
Add component (AddParameter): Name = "BOM名称"; Value = "带灯机械按键开关"; VariantName = "[No Variations]"
Add component (AddParameter): Name = "学习资源"; Value = "www.ooocke.com"; VariantName = "[No Variations]"
Add component (AddParameter): Name = "版权归属"; Value = "源创客"; VariantName = "[No Variations]"
Added Component: Designator=SW58(SW_Cherry_MX_WS2812)
Add component (AddParameter): Name = "BOM名称"; Value = "带灯机械按键开关"; VariantName = "[No Variations]"
Add component (AddParameter): Name = "学习资源"; Value = "www.ooocke.com"; VariantName = "[No Variations]"
Add component (AddParameter): Name = "版权归属"; Value = "源创客"; VariantName = "[No Variations]"
Added Component: Designator=SW59(SW_Cherry_MX_WS2812)
Add component (AddParameter): Name = "BOM名称"; Value = "带灯机械按键开关"; VariantName = "[No Variations]"
Add component (AddParameter): Name = "学习资源"; Value = "www.ooocke.com"; VariantName = "[No Variations]"
Add component (AddParameter): Name = "版权归属"; Value = "源创客"; VariantName = "[No Variations]"
Added Component: Designator=SW60(SW_Cherry_MX_WS2812)
Add component (AddParameter): Name = "BOM名称"; Value = "带灯机械按键开关"; VariantName = "[No Variations]"
Add component (AddParameter): Name = "学习资源"; Value = "www.ooocke.com"; VariantName = "[No Variations]"
Add component (AddParameter): Name = "版权归属"; Value = "源创客"; VariantName = "[No Variations]"
Added Component: Designator=U1(VSON-10_L3.0-W3.0-P0.50-TL-EP)
Added Component: Designator=U2(SOP16_L)
Added Pin To Net: NetName=NetC1_1 Pin=C1-1
Added Pin To Net: NetName=NetC1_2 Pin=C1-2
Added Pin To Net: NetName=GND Pin=C2-1
Added Pin To Net: NetName=VBUS Pin=C2-2
Added Pin To Net: NetName=GND Pin=C3-1
Added Pin To Net: NetName=VBUS Pin=C3-2
Added Pin To Net: NetName=GND Pin=C4-1
Added Pin To Net: NetName=VBUS Pin=C4-2
Added Pin To Net: NetName=GND Pin=C5-1
Added Pin To Net: NetName=VBUS Pin=C5-2
Added Pin To Net: NetName=GND Pin=C6-1
Added Pin To Net: NetName=VCC5V-B Pin=C6-2
Added Pin To Net: NetName=GND Pin=C7-1
Added Pin To Net: NetName=VCC5V-B Pin=C7-2
Added Pin To Net: NetName=GND Pin=C8-1
Added Pin To Net: NetName=VCC5V-B Pin=C8-2
Added Pin To Net: NetName=GND Pin=C9-1
Added Pin To Net: NetName=VCC5V-B Pin=C9-2
Added Pin To Net: NetName=GND Pin=C10-1
Added Pin To Net: NetName=NetC10_2 Pin=C10-2
Added Pin To Net: NetName=GND Pin=C11-1
Added Pin To Net: NetName=NetC11_2 Pin=C11-2
Added Pin To Net: NetName=NetC1_1 Pin=L1-1
Added Pin To Net: NetName=VCC5V-B Pin=L1-2
Added Pin To Net: NetName=VBUS Pin=R1-1
Added Pin To Net: NetName=NetR1_2 Pin=R1-2
Added Pin To Net: NetName=NetC10_2 Pin=R2-1
Added Pin To Net: NetName=NetC11_2 Pin=R2-2
Added Pin To Net: NetName=VCC5V-B Pin=R3-1
Added Pin To Net: NetName=VSENSE-B Pin=R3-2
Added Pin To Net: NetName=NetR1_2 Pin=R4-1
Added Pin To Net: NetName=GND Pin=R4-2
Added Pin To Net: NetName=NetR5_1 Pin=R5-1
Added Pin To Net: NetName=GND Pin=R5-2
Added Pin To Net: NetName=VSENSE-B Pin=R6-1
Added Pin To Net: NetName=GND Pin=R6-2
Added Pin To Net: NetName=VBUS Pin=R7-1
Added Pin To Net: NetName=GND Pin=S1-1
Added Pin To Net: NetName=NetS1_2 Pin=S1-2
Added Pin To Net: NetName=GND Pin=S2-1
Added Pin To Net: NetName=NetS2_2 Pin=S2-2
Added Pin To Net: NetName=GND Pin=S3-1
Added Pin To Net: NetName=NetS3_2 Pin=S3-2
Added Pin To Net: NetName=GND Pin=S4-1
Added Pin To Net: NetName=NetS4_2 Pin=S4-2
Added Pin To Net: NetName=GND Pin=S5-1
Added Pin To Net: NetName=NetS5_2 Pin=S5-2
Added Pin To Net: NetName=GND Pin=S6-1
Added Pin To Net: NetName=NetS6_2 Pin=S6-2
Added Pin To Net: NetName=GND Pin=S7-1
Added Pin To Net: NetName=NetS7_2 Pin=S7-2
Added Pin To Net: NetName=GND Pin=S8-1
Added Pin To Net: NetName=NetS8_2 Pin=S8-2
Added Pin To Net: NetName=VBUS Pin=U1-1
Added Pin To Net: NetName=NetC1_1 Pin=U1-2
Added Pin To Net: NetName=GND Pin=U1-3
Added Pin To Net: NetName=GND Pin=U1-4
Added Pin To Net: NetName=GND Pin=U1-5
Added Pin To Net: NetName=VSENSE-B Pin=U1-6
Added Pin To Net: NetName=NetC10_2 Pin=U1-7
Added Pin To Net: NetName=NetR1_2 Pin=U1-8
Added Pin To Net: NetName=NetC1_2 Pin=U1-9
Added Pin To Net: NetName=NetR5_1 Pin=U1-10
Added Pin To Net: NetName=GND Pin=U1-11
Added Pin To Net: NetName=NetS4_2 Pin=U2-3
Added Pin To Net: NetName=NetS3_2 Pin=U2-4
Added Pin To Net: NetName=NetS2_2 Pin=U2-5
Added Pin To Net: NetName=NetS1_2 Pin=U2-6
Added Pin To Net: NetName=NetS8_2 Pin=U2-11
Added Pin To Net: NetName=NetS7_2 Pin=U2-12
Added Pin To Net: NetName=NetS6_2 Pin=U2-13
Added Pin To Net: NetName=NetS5_2 Pin=U2-14
Added Member To Class: ClassName=PWR Member=Component C1 100nF/25V
Added Member To Class: ClassName=PWR Member=Component C2 10uF/25V
Added Member To Class: ClassName=PWR Member=Component C3 10uF/25V
Added Member To Class: ClassName=PWR Member=Component C4 1uF/25V
Added Member To Class: ClassName=PWR Member=Component C5 3.3nF/25V
Added Member To Class: ClassName=PWR Member=Component C6 22uF/16V
Added Member To Class: ClassName=PWR Member=Component C7 22uF/16V
Added Member To Class: ClassName=PWR Member=Component C8 22uF/16V
Added Member To Class: ClassName=PWR Member=Component C9 22uF/16V
Added Member To Class: ClassName=PWR Member=Component C10 68pF/25V
Added Member To Class: ClassName=PWR Member=Component C11 560pF/25V
Added Member To Class: ClassName=PWR Member=Component L1 8.2uH
Added Member To Class: ClassName=PWR Member=Component R1 10K 1%
Added Member To Class: ClassName=PWR Member=Component R2 18.7K 1%
Added Member To Class: ClassName=PWR Member=Component R3 100K 1%
Added Member To Class: ClassName=PWR Member=Component R4 10K 1%
Added Member To Class: ClassName=PWR Member=Component R5 95.3K 1%
Added Member To Class: ClassName=PWR Member=Component R6 19.1K 1%
Added Member To Class: ClassName=mcu Member=Component R7 10K 1%
Added Member To Class: ClassName=mcu Member=Component S1 KCD1-101
Added Member To Class: ClassName=mcu Member=Component S2 KCD1-101
Added Member To Class: ClassName=mcu Member=Component S3 KCD1-101
Added Member To Class: ClassName=mcu Member=Component S4 KCD1-101
Added Member To Class: ClassName=mcu Member=Component S5 KCD1-101
Added Member To Class: ClassName=mcu Member=Component S6 KCD1-101
Added Member To Class: ClassName=mcu Member=Component S7 KCD1-101
Added Member To Class: ClassName=mcu Member=Component S8 KCD1-101
Added Member To Class: ClassName=Connector Member=Component SW1 Cherry
Added Member To Class: ClassName=Connector Member=Component SW2 Cherry
Added Member To Class: ClassName=Connector Member=Component SW3 Cherry
Added Member To Class: ClassName=Connector Member=Component SW4 Cherry
Added Member To Class: ClassName=Connector Member=Component SW5 Cherry
Added Member To Class: ClassName=Connector Member=Component SW6 Cherry
Added Member To Class: ClassName=Connector Member=Component SW7 Cherry
Added Member To Class: ClassName=Connector Member=Component SW8 Cherry
Added Member To Class: ClassName=Connector Member=Component SW9 Cherry
Added Member To Class: ClassName=Connector Member=Component SW10 Cherry
Added Member To Class: ClassName=Connector Member=Component SW11 Cherry
Added Member To Class: ClassName=Connector Member=Component SW12 Cherry
Added Member To Class: ClassName=Connector Member=Component SW13 Cherry
Added Member To Class: ClassName=Connector Member=Component SW14 Cherry
Added Member To Class: ClassName=Connector Member=Component SW15 Cherry
Added Member To Class: ClassName=Connector Member=Component SW16 Cherry
Added Member To Class: ClassName=Connector Member=Component SW17 Cherry
Added Member To Class: ClassName=Connector Member=Component SW18 Cherry
Added Member To Class: ClassName=Connector Member=Component SW19 Cherry
Added Member To Class: ClassName=Connector Member=Component SW20 Cherry
Added Member To Class: ClassName=Connector Member=Component SW21 Cherry
Added Member To Class: ClassName=Connector Member=Component SW22 Cherry
Added Member To Class: ClassName=Connector Member=Component SW23 Cherry
Added Member To Class: ClassName=Connector Member=Component SW24 Cherry
Added Member To Class: ClassName=Connector Member=Component SW25 Cherry
Added Member To Class: ClassName=Connector Member=Component SW26 Cherry
Added Member To Class: ClassName=Connector Member=Component SW27 Cherry
Added Member To Class: ClassName=Connector Member=Component SW28 Cherry
Added Member To Class: ClassName=Connector Member=Component SW29 Cherry
Added Member To Class: ClassName=Connector Member=Component SW30 Cherry
Added Member To Class: ClassName=Connector Member=Component SW31 Cherry
Added Member To Class: ClassName=Connector Member=Component SW32 Cherry
Added Member To Class: ClassName=Connector Member=Component SW33 Cherry
Added Member To Class: ClassName=Connector Member=Component SW34 Cherry
Added Member To Class: ClassName=Connector Member=Component SW35 Cherry
Added Member To Class: ClassName=Connector Member=Component SW36 Cherry
Added Member To Class: ClassName=Connector Member=Component SW37 Cherry
Added Member To Class: ClassName=Connector Member=Component SW38 Cherry
Added Member To Class: ClassName=Connector Member=Component SW39 Cherry
Added Member To Class: ClassName=Connector Member=Component SW40 Cherry
Added Member To Class: ClassName=Connector Member=Component SW41 Cherry
Added Member To Class: ClassName=Connector Member=Component SW42 Cherry
Added Member To Class: ClassName=Connector Member=Component SW43 Cherry
Added Member To Class: ClassName=Connector Member=Component SW44 Cherry
Added Member To Class: ClassName=Connector Member=Component SW45 Cherry
Added Member To Class: ClassName=Connector Member=Component SW46 Cherry
Added Member To Class: ClassName=Connector Member=Component SW47 Cherry
Added Member To Class: ClassName=Connector Member=Component SW48 Cherry
Added Member To Class: ClassName=Connector Member=Component SW49 Cherry
Added Member To Class: ClassName=Connector Member=Component SW50 Cherry
Added Member To Class: ClassName=Connector Member=Component SW51 Cherry
Added Member To Class: ClassName=Connector Member=Component SW52 Cherry
Added Member To Class: ClassName=Connector Member=Component SW53 Cherry
Added Member To Class: ClassName=Connector Member=Component SW54 Cherry
Added Member To Class: ClassName=Connector Member=Component SW55 Cherry
Added Member To Class: ClassName=Connector Member=Component SW56 Cherry
Added Member To Class: ClassName=Connector Member=Component SW57 Cherry
Added Member To Class: ClassName=Connector Member=Component SW58 Cherry
Added Member To Class: ClassName=Connector Member=Component SW59 Cherry
Added Member To Class: ClassName=Connector Member=Component SW60 Cherry
Added Member To Class: ClassName=PWR Member=Component U1 TPS54335A-QFN
Added Member To Class: ClassName=mcu Member=Component U2 74HC165
